<?xml version="1.0" encoding="UTF-8"?>
<!-- Generated by org.testng.reporters.JUnitXMLReporter -->
<testsuite ignored="0" hostname="ETC1304235" failures="0" tests="6" name="Default test" time="75.049" errors="0" timestamp="24 Feb 2023 06:07:33 GMT">
  <testcase classname="com.orangehrm.qa.testcases.LoginPageTest" name="orangeHRLogoImageTest" time="1.224"/>
  <testcase classname="com.orangehrm.qa.testcases.LoginPageTest" name="loginPageTitleTest" time="0.014"/>
  <testcase classname="com.orangehrm.qa.testcases.LoginPageTest" name="loginTest" time="6.623"/>
  <testcase classname="com.orangehrm.qa.testcases.LoginPageTest" name="loginTestNegative" time="5.276"/>
  <testcase classname="com.orangehrm.qa.testcases.LoginPageTest" name="resetPasswordTest" time="6.128"/>
  <testcase classname="com.orangehrm.qa.testcases.LoginPageTest" name="resetPasswordCancel" time="6.754"/>
</testsuite> <!-- Default test -->
