<?xml version="1.0" encoding="UTF-8"?>
<!-- Generated by org.testng.reporters.JUnitXMLReporter -->
<testsuite ignored="0" hostname="ETC1304235" failures="0" tests="3" name="Orange HRM Application Test cases" time="34.945" errors="0" timestamp="23 Feb 2023 06:14:08 GMT">
  <testcase classname="com.orangehrm.qa.testcases.LoginPageTest" name="orangeHRLogoImageTest" time="1.149"/>
  <testcase classname="com.orangehrm.qa.testcases.DashboardPageTest" name="verifyDashboardPageTitleTest" time="0.012"/>
  <testcase classname="com.orangehrm.qa.testcases.AdminPageTest" name="verifyAdminLabelTest" time="3.616"/>
</testsuite> <!-- Orange HRM Application Test cases -->
