<?xml version="1.0" encoding="UTF-8"?>
<testng-results ignored="0" total="6" passed="6" failed="0" skipped="0">
  <reporter-output>
  </reporter-output>
  <suite started-at="2023-02-24T06:06:17Z" name="Default suite" finished-at="2023-02-24T06:07:32Z" duration-ms="75049">
    <groups>
    </groups>
    <test started-at="2023-02-24T06:06:17Z" name="Default test" finished-at="2023-02-24T06:07:32Z" duration-ms="75049">
      <class name="com.orangehrm.qa.testcases.LoginPageTest">
        <test-method is-config="true" signature="setUp()[pri:0, instance:com.orangehrm.qa.testcases.LoginPageTest@6e950bcf]" started-at="2023-02-24T06:06:17Z" name="setUp" finished-at="2023-02-24T06:06:27Z" duration-ms="9714" status="PASS">
          <reporter-output>
          </reporter-output>
        </test-method> <!-- setUp -->
        <test-method signature="orangeHRLogoImageTest()[pri:1, instance:com.orangehrm.qa.testcases.LoginPageTest@6e950bcf]" started-at="2023-02-24T06:06:27Z" name="orangeHRLogoImageTest" finished-at="2023-02-24T06:06:28Z" duration-ms="1224" status="PASS">
          <reporter-output>
          </reporter-output>
        </test-method> <!-- orangeHRLogoImageTest -->
        <test-method is-config="true" signature="tearDown()[pri:0, instance:com.orangehrm.qa.testcases.LoginPageTest@6e950bcf]" started-at="2023-02-24T06:06:28Z" name="tearDown" finished-at="2023-02-24T06:06:29Z" duration-ms="389" status="PASS">
          <reporter-output>
          </reporter-output>
        </test-method> <!-- tearDown -->
        <test-method is-config="true" signature="setUp()[pri:0, instance:com.orangehrm.qa.testcases.LoginPageTest@6e950bcf]" started-at="2023-02-24T06:06:29Z" name="setUp" finished-at="2023-02-24T06:06:38Z" duration-ms="9113" status="PASS">
          <reporter-output>
          </reporter-output>
        </test-method> <!-- setUp -->
        <test-method signature="loginPageTitleTest()[pri:2, instance:com.orangehrm.qa.testcases.LoginPageTest@6e950bcf]" started-at="2023-02-24T06:06:38Z" name="loginPageTitleTest" finished-at="2023-02-24T06:06:38Z" duration-ms="14" status="PASS">
          <reporter-output>
          </reporter-output>
        </test-method> <!-- loginPageTitleTest -->
        <test-method is-config="true" signature="tearDown()[pri:0, instance:com.orangehrm.qa.testcases.LoginPageTest@6e950bcf]" started-at="2023-02-24T06:06:38Z" name="tearDown" finished-at="2023-02-24T06:06:38Z" duration-ms="291" status="PASS">
          <reporter-output>
          </reporter-output>
        </test-method> <!-- tearDown -->
        <test-method is-config="true" signature="setUp()[pri:0, instance:com.orangehrm.qa.testcases.LoginPageTest@6e950bcf]" started-at="2023-02-24T06:06:38Z" name="setUp" finished-at="2023-02-24T06:06:44Z" duration-ms="5633" status="PASS">
          <reporter-output>
          </reporter-output>
        </test-method> <!-- setUp -->
        <test-method signature="loginTest()[pri:3, instance:com.orangehrm.qa.testcases.LoginPageTest@6e950bcf]" started-at="2023-02-24T06:06:44Z" name="loginTest" finished-at="2023-02-24T06:06:50Z" duration-ms="6623" status="PASS">
          <reporter-output>
          </reporter-output>
        </test-method> <!-- loginTest -->
        <test-method is-config="true" signature="tearDown()[pri:0, instance:com.orangehrm.qa.testcases.LoginPageTest@6e950bcf]" started-at="2023-02-24T06:06:50Z" name="tearDown" finished-at="2023-02-24T06:06:51Z" duration-ms="317" status="PASS">
          <reporter-output>
          </reporter-output>
        </test-method> <!-- tearDown -->
        <test-method is-config="true" signature="setUp()[pri:0, instance:com.orangehrm.qa.testcases.LoginPageTest@6e950bcf]" started-at="2023-02-24T06:06:51Z" name="setUp" finished-at="2023-02-24T06:06:59Z" duration-ms="7997" status="PASS">
          <reporter-output>
          </reporter-output>
        </test-method> <!-- setUp -->
        <test-method signature="loginTestNegative()[pri:4, instance:com.orangehrm.qa.testcases.LoginPageTest@6e950bcf]" started-at="2023-02-24T06:06:59Z" name="loginTestNegative" finished-at="2023-02-24T06:07:04Z" duration-ms="5276" status="PASS">
          <reporter-output>
          </reporter-output>
        </test-method> <!-- loginTestNegative -->
        <test-method is-config="true" signature="tearDown()[pri:0, instance:com.orangehrm.qa.testcases.LoginPageTest@6e950bcf]" started-at="2023-02-24T06:07:04Z" name="tearDown" finished-at="2023-02-24T06:07:04Z" duration-ms="364" status="PASS">
          <reporter-output>
          </reporter-output>
        </test-method> <!-- tearDown -->
        <test-method is-config="true" signature="setUp()[pri:0, instance:com.orangehrm.qa.testcases.LoginPageTest@6e950bcf]" started-at="2023-02-24T06:07:04Z" name="setUp" finished-at="2023-02-24T06:07:10Z" duration-ms="5993" status="PASS">
          <reporter-output>
          </reporter-output>
        </test-method> <!-- setUp -->
        <test-method signature="resetPasswordTest()[pri:5, instance:com.orangehrm.qa.testcases.LoginPageTest@6e950bcf]" started-at="2023-02-24T06:07:10Z" name="resetPasswordTest" finished-at="2023-02-24T06:07:17Z" duration-ms="6128" status="PASS">
          <reporter-output>
          </reporter-output>
        </test-method> <!-- resetPasswordTest -->
        <test-method is-config="true" signature="tearDown()[pri:0, instance:com.orangehrm.qa.testcases.LoginPageTest@6e950bcf]" started-at="2023-02-24T06:07:17Z" name="tearDown" finished-at="2023-02-24T06:07:17Z" duration-ms="359" status="PASS">
          <reporter-output>
          </reporter-output>
        </test-method> <!-- tearDown -->
        <test-method is-config="true" signature="setUp()[pri:0, instance:com.orangehrm.qa.testcases.LoginPageTest@6e950bcf]" started-at="2023-02-24T06:07:17Z" name="setUp" finished-at="2023-02-24T06:07:25Z" duration-ms="8443" status="PASS">
          <reporter-output>
          </reporter-output>
        </test-method> <!-- setUp -->
        <test-method signature="resetPasswordCancel()[pri:6, instance:com.orangehrm.qa.testcases.LoginPageTest@6e950bcf]" started-at="2023-02-24T06:07:25Z" name="resetPasswordCancel" finished-at="2023-02-24T06:07:32Z" duration-ms="6754" status="PASS">
          <reporter-output>
          </reporter-output>
        </test-method> <!-- resetPasswordCancel -->
        <test-method is-config="true" signature="tearDown()[pri:0, instance:com.orangehrm.qa.testcases.LoginPageTest@6e950bcf]" started-at="2023-02-24T06:07:32Z" name="tearDown" finished-at="2023-02-24T06:07:32Z" duration-ms="335" status="PASS">
          <reporter-output>
          </reporter-output>
        </test-method> <!-- tearDown -->
      </class> <!-- com.orangehrm.qa.testcases.LoginPageTest -->
    </test> <!-- Default test -->
  </suite> <!-- Default suite -->
</testng-results>
